<?xml version="1.0" encoding="UTF-8"?>
<!-- Generated by org.testng.reporters.JUnitReportReporter -->
<testsuite hostname="RAMAKRISHNA" name="com.test.testcode.TestOne" tests="1" failures="0" timestamp="10 Feb 2021 09:04:11 GMT" time="0.018" errors="0">
  <testcase name="test" time="0.018" classname="com.test.testcode.TestOne"/>
</testsuite> <!-- com.test.testcode.TestOne -->
