<?xml version="1.0" encoding="UTF-8"?>
<!-- Generated by org.testng.reporters.JUnitReportReporter -->
<testsuite hostname="RAMAKRISHNA" name="com.test.testcode.TestOne" tests="1" failures="0" timestamp="10 Feb 2021 10:33:01 GMT" time="108.642" errors="0">
  <testcase name="test" time="108.642" classname="com.test.testcode.TestOne"/>
</testsuite> <!-- com.test.testcode.TestOne -->
